syslog.3:Thu Sep 25 00:22:56 :: Coffin [203.24.125.2] has connected.
syslog.3:Thu Sep 25 00:23:00 :: Coffin retrieving crash-saved items and entering game.
syslog.3:Thu Sep 25 00:27:22 :: Closing link to: Coffin.
syslog.3:Thu Sep 25 00:27:36 :: Coffin [203.24.125.2] has reconnected.
syslog.3:Thu Sep 25 01:47:47 :: Coffin has quit the game.
syslog.3:Thu Sep 25 01:47:47 :: Losing player: Coffin.
syslog.3:Thu Sep 25 01:50:58 :: Bad PW: Coffin [203.24.125.2]
syslog.3:Thu Sep 25 01:50:59 :: Coffin [203.24.125.2] has connected.
syslog.3:Thu Sep 25 01:51:07 :: Coffin entering game with no equipment.
syslog.3:Thu Sep 25 01:57:52 :: Coffin failed summoning Cophen to In long grass..
syslog.3:Thu Sep 25 04:47:52 :: Coffin has quit the game.
syslog.3:Thu Sep 25 04:47:52 :: Losing player: Coffin.
syslog.3:Thu Sep 25 12:59:23 :: Coffin [203.24.125.2] has connected.
syslog.3:Thu Sep 25 13:05:40 :: Coffin entering game with no equipment.
syslog.3:Thu Sep 25 14:33:40 :: Closing link to: Coffin.
syslog.3:Thu Sep 25 14:33:50 :: Bad PW: Coffin [203.24.125.2]
syslog.3:Thu Sep 25 14:33:56 :: Coffin [203.24.125.2] has reconnected.
syslog.3:Thu Sep 25 15:16:22 :: Closing link to: Coffin.
syslog.3:Thu Sep 25 15:16:57 :: Coffin [203.24.125.2] has reconnected.
syslog.3:Thu Sep 25 15:29:59 :: Coffin has re-logged in ... disconnecting old socket.
syslog.3:Thu Sep 25 15:37:26 :: Bad PW: Coffin [203.24.125.2]
syslog.3:Thu Sep 25 15:37:28 :: Coffin has re-logged in ... disconnecting old socket.
syslog.3:Thu Sep 25 16:06:37 :: Coffin failed summoning Hewfish to Eastern Council square..
syslog.3:Thu Sep 25 16:24:49 :: Coffin killed by Aphrodite at The Woods
syslog.3:Thu Sep 25 16:24:49 :: Losing player: Coffin.
syslog.3:Thu Sep 25 16:25:04 :: Coffin [203.24.125.2] has connected.
syslog.3:Thu Sep 25 16:25:32 :: Coffin entering game with no equipment.
syslog.3:Thu Sep 25 16:31:14 :: Coffin killed by Aphrodite at The Woods
syslog.3:Thu Sep 25 16:31:14 :: Losing player: Coffin.
syslog.3:Thu Sep 25 16:31:25 :: Bad PW: Coffin [203.24.125.2]
syslog.3:Thu Sep 25 16:31:28 :: Coffin [203.24.125.2] has connected.
syslog.3:Thu Sep 25 16:31:40 :: Coffin entering game with no equipment.
syslog.3:Thu Sep 25 16:43:33 :: Coffin killed by Phoenix at The Woods
syslog.3:Thu Sep 25 16:43:34 :: Losing player: Coffin.
syslog.3:Thu Sep 25 16:44:32 :: Coffin [203.24.125.2] has connected.
syslog.3:Thu Sep 25 16:44:42 :: Coffin entering game with no equipment.
syslog.3:Thu Sep 25 16:50:52 :: Coffin killed by Nymph at The Woods
syslog.3:Thu Sep 25 16:50:52 :: Losing player: Coffin.
syslog.3:Thu Sep 25 16:51:09 :: Coffin [203.24.125.2] has connected.
syslog.3:Thu Sep 25 16:51:15 :: Coffin entering game with no equipment.
syslog.3:Thu Sep 25 16:53:45 :: Coffin has quit the game.
syslog.3:Thu Sep 25 16:53:49 :: Losing player: Coffin.
syslog.3:Thu Sep 25 23:32:06 :: Coffin [203.24.125.2] has connected.
syslog.3:Thu Sep 25 23:32:23 :: Coffin entering game with no equipment.
syslog.3:Fri Sep 26 00:08:54 :: Coffin has re-logged in ... disconnecting old socket.
syslog.3:Fri Sep 26 02:06:36 :: Coffin has quit the game.
syslog.3:Fri Sep 26 02:06:36 :: Losing player: Coffin.
syslog.3:Fri Sep 26 03:24:02 :: Coffin [139.134.58.26] has connected.
syslog.3:Fri Sep 26 03:24:16 :: Coffin entering game with no equipment.
syslog.3:Fri Sep 26 05:39:24 :: Coffin has quit the game.
syslog.3:Fri Sep 26 05:39:24 :: Losing player: Coffin.
syslog.3:Fri Sep 26 13:42:37 :: Losing player: Coffin.
syslog.3:Fri Sep 26 15:26:56 :: Coffin [139.134.58.26] has connected.
syslog.3:Fri Sep 26 15:34:28 :: Coffin entering game with no equipment.
syslog.3:Fri Sep 26 15:47:28 :: Closing link to: Coffin.
syslog.3:Fri Sep 26 17:03:16 :: DEBUG: 1 call to num_items_room, rnum=198 ch=Coffin
syslog.3:Fri Sep 26 17:03:16 :: DEBUG: 1 call to num_items_room, rnum=198 ch=Coffin
syslog.3:Fri Sep 26 17:03:16 :: DEBUG: 2 call to num_items_room, rnum=198 ch=Coffin
syslog.3:Fri Sep 26 17:03:16 :: DEBUG: 2 call to num_items_room, rnum=198 ch=Coffin
syslog.3:Fri Sep 26 17:03:16 :: DEBUG: 2 call to num_items_room, rnum=198 ch=Coffin
syslog.3:Fri Sep 26 17:03:16 :: DEBUG: 2 call to num_items_room, rnum=198 ch=Coffin
syslog.3:Fri Sep 26 17:03:16 :: DEBUG: 2 call to num_items_room, rnum=198 ch=Coffin
syslog.3:Fri Sep 26 17:03:16 :: DEBUG: 2 call to num_items_room, rnum=198 ch=Coffin
syslog.3:Fri Sep 26 17:03:16 :: DEBUG: 2 call to num_items_room, rnum=198 ch=Coffin
syslog.3:Fri Sep 26 17:03:16 :: DEBUG: 2 call to num_items_room, rnum=198 ch=Coffin
syslog.3:Fri Sep 26 17:03:16 :: DEBUG: 2 call to num_items_room, rnum=198 ch=Coffin
syslog.3:Fri Sep 26 17:03:16 :: DEBUG: 2 call to num_items_room, rnum=198 ch=Coffin
syslog.3:Fri Sep 26 17:03:16 :: DEBUG: 2 call to num_items_room, rnum=198 ch=Coffin
syslog.3:Fri Sep 26 17:03:16 :: DEBUG: 2 call to num_items_room, rnum=198 ch=Coffin
syslog.3:Fri Sep 26 17:03:16 :: DEBUG: 2 call to num_items_room, rnum=198 ch=Coffin
syslog.3:Fri Sep 26 17:03:16 :: DEBUG: 2 call to num_items_room, rnum=198 ch=Coffin
syslog.3:Fri Sep 26 17:03:16 :: DEBUG: 2 call to num_items_room, rnum=198 ch=Coffin
syslog.3:Fri Sep 26 17:03:16 :: DEBUG: 2 call to num_items_room, rnum=198 ch=Coffin
syslog.3:Fri Sep 26 17:03:16 :: DEBUG: 2 call to num_items_room, rnum=198 ch=Coffin
syslog.3:Fri Sep 26 17:03:16 :: DEBUG: 2 call to num_items_room, rnum=198 ch=Coffin
syslog.3:Fri Sep 26 17:03:16 :: DEBUG: 2 call to num_items_room, rnum=198 ch=Coffin
syslog.3:Fri Sep 26 17:03:16 :: DEBUG: 2 call to num_items_room, rnum=198 ch=Coffin
syslog.3:Fri Sep 26 17:03:16 :: DEBUG: 2 call to num_items_room, rnum=198 ch=Coffin
syslog.3:Fri Sep 26 17:03:16 :: DEBUG: 2 call to num_items_room, rnum=198 ch=Coffin
syslog.3:Fri Sep 26 17:03:16 :: DEBUG: 2 call to num_items_room, rnum=198 ch=Coffin
syslog.3:Fri Sep 26 17:03:16 :: DEBUG: 2 call to num_items_room, rnum=198 ch=Coffin
syslog.3:Fri Sep 26 17:03:16 :: Coffin force-rented and extracted (idle).
syslog.3:Fri Sep 26 23:18:41 :: Coffin [139.134.58.26] has connected.
syslog.3:Fri Sep 26 23:19:24 :: Coffin entering game with no equipment.
syslog.4:Sat Sep 27 00:12:41 :: Coffin [139.134.58.26] has connected.
syslog.4:Sat Sep 27 00:12:52 :: Coffin retrieving crash-saved items and entering game.
syslog.4:Sat Sep 27 03:33:38 :: Coffin has quit the game.
syslog.4:Sat Sep 27 03:33:38 :: Losing player: Coffin.
syslog.4:Sat Sep 27 14:04:54 :: Coffin [139.134.58.26] has connected.
syslog.4:Sat Sep 27 14:05:46 :: Coffin entering game with no equipment.
syslog.4:Sat Sep 27 14:26:37 :: Closing link to: Coffin.
syslog.4:Sat Sep 27 14:36:59 :: Coffin [139.134.58.26] has reconnected.
syslog.4:Sat Sep 27 16:13:03 :: Closing link to: Coffin.
syslog.4:Sat Sep 27 17:00:46 :: DEBUG: 1 call to num_items_room, rnum=198 ch=Coffin
syslog.4:Sat Sep 27 17:00:46 :: DEBUG: 1 call to num_items_room, rnum=198 ch=Coffin
syslog.4:Sat Sep 27 17:00:46 :: DEBUG: 2 call to num_items_room, rnum=198 ch=Coffin
syslog.4:Sat Sep 27 17:00:46 :: DEBUG: 2 call to num_items_room, rnum=198 ch=Coffin
syslog.4:Sat Sep 27 17:00:46 :: DEBUG: 2 call to num_items_room, rnum=198 ch=Coffin
syslog.4:Sat Sep 27 17:00:46 :: DEBUG: 2 call to num_items_room, rnum=198 ch=Coffin
syslog.4:Sat Sep 27 17:00:46 :: DEBUG: 2 call to num_items_room, rnum=198 ch=Coffin
syslog.4:Sat Sep 27 17:00:46 :: DEBUG: 2 call to num_items_room, rnum=198 ch=Coffin
syslog.4:Sat Sep 27 17:00:46 :: DEBUG: 2 call to num_items_room, rnum=198 ch=Coffin
syslog.4:Sat Sep 27 17:00:46 :: DEBUG: 2 call to num_items_room, rnum=198 ch=Coffin
syslog.4:Sat Sep 27 17:00:46 :: DEBUG: 2 call to num_items_room, rnum=198 ch=Coffin
syslog.4:Sat Sep 27 17:00:46 :: DEBUG: 2 call to num_items_room, rnum=198 ch=Coffin
syslog.4:Sat Sep 27 17:00:46 :: DEBUG: 2 call to num_items_room, rnum=198 ch=Coffin
syslog.4:Sat Sep 27 17:00:46 :: DEBUG: 2 call to num_items_room, rnum=198 ch=Coffin
syslog.4:Sat Sep 27 17:00:46 :: DEBUG: 2 call to num_items_room, rnum=198 ch=Coffin
syslog.4:Sat Sep 27 17:00:46 :: DEBUG: 2 call to num_items_room, rnum=198 ch=Coffin
syslog.4:Sat Sep 27 17:00:46 :: DEBUG: 2 call to num_items_room, rnum=198 ch=Coffin
syslog.4:Sat Sep 27 17:00:46 :: DEBUG: 2 call to num_items_room, rnum=198 ch=Coffin
syslog.4:Sat Sep 27 17:00:46 :: DEBUG: 2 call to num_items_room, rnum=198 ch=Coffin
syslog.4:Sat Sep 27 17:00:46 :: DEBUG: 2 call to num_items_room, rnum=198 ch=Coffin
syslog.4:Sat Sep 27 17:00:46 :: DEBUG: 2 call to num_items_room, rnum=198 ch=Coffin
syslog.4:Sat Sep 27 17:00:46 :: DEBUG: 2 call to num_items_room, rnum=198 ch=Coffin
syslog.4:Sat Sep 27 17:00:46 :: DEBUG: 2 call to num_items_room, rnum=198 ch=Coffin
syslog.4:Sat Sep 27 17:00:46 :: DEBUG: 2 call to num_items_room, rnum=198 ch=Coffin
syslog.4:Sat Sep 27 17:00:46 :: DEBUG: 2 call to num_items_room, rnum=198 ch=Coffin
syslog.4:Sat Sep 27 17:00:46 :: DEBUG: 2 call to num_items_room, rnum=198 ch=Coffin
syslog.4:Sat Sep 27 17:00:46 :: Coffin force-rented and extracted (idle).
syslog.4:Sun Sep 28 11:14:01 :: Coffin [139.134.57.25] has connected.
syslog.4:Sun Sep 28 11:14:51 :: Coffin entering game with no equipment.
syslog.4:Sun Sep 28 15:55:50 :: Coffin has quit the game.
syslog.4:Sun Sep 28 15:55:50 :: Losing player: Coffin.
syslog.5:Sun Sep 28 22:22:47 :: Coffin [139.134.57.25] has connected.
syslog.5:Sun Sep 28 22:24:27 :: Coffin entering game with no equipment.
syslog.5:Sun Sep 28 23:00:53 :: Coffin killed while attempting to slay Kodiak (werewolf)
syslog.5:Sun Sep 28 23:00:53 :: Losing player: Coffin.
syslog.5:Sun Sep 28 23:01:05 :: Bad PW: Coffin [139.134.57.25]
syslog.5:Sun Sep 28 23:01:08 :: Coffin [139.134.57.25] has connected.
syslog.5:Sun Sep 28 23:01:46 :: Coffin entering game with no equipment.
syslog.5:Mon Sep 29 04:24:56 :: Closing link to: Coffin.
syslog.5:Mon Sep 29 04:28:58 :: Coffin [203.24.125.2] has reconnected.
syslog.5:Mon Sep 29 04:29:03 :: Closing link to: Coffin.
syslog.5:Mon Sep 29 04:37:47 :: Bad PW: Coffin [203.24.125.2]
syslog.5:Mon Sep 29 04:37:50 :: Coffin [203.24.125.2] has reconnected.
syslog.5:Mon Sep 29 04:42:02 :: Raistlin killed by Coffin at Wharf of Haven.
syslog.5:Mon Sep 29 04:42:06 :: Raistlin killed by Coffin at Wharf of Haven.
syslog.5:Mon Sep 29 04:43:39 :: Raistlin killed by Coffin at Wharf of Haven.
syslog.5:Mon Sep 29 04:43:45 :: Raistlin killed by Coffin at Wharf of Haven.
syslog.5:Mon Sep 29 04:43:56 :: Raistlin killed by Coffin at Wharf of Haven.
syslog.5:Mon Sep 29 04:44:01 :: Raistlin killed by Coffin at Wharf of Haven.
syslog.5:Mon Sep 29 04:44:05 :: Raistlin killed by Coffin at Wharf of Haven.
syslog.5:Mon Sep 29 04:44:09 :: Raistlin killed by Coffin at Wharf of Haven.
syslog.5:Mon Sep 29 04:44:14 :: Raistlin killed by Coffin at Wharf of Haven.
syslog.5:Mon Sep 29 04:44:18 :: Raistlin killed by Coffin at Wharf of Haven.
syslog.5:Mon Sep 29 04:44:20 :: Raistlin killed by Coffin at Wharf of Haven.
syslog.5:Mon Sep 29 04:44:25 :: Raistlin killed by Coffin at Wharf of Haven.
syslog.5:Mon Sep 29 04:44:29 :: Raistlin killed by Coffin at Wharf of Haven.
syslog.5:Mon Sep 29 04:44:34 :: Raistlin killed by Coffin at Wharf of Haven.
syslog.5:Mon Sep 29 04:44:36 :: Raistlin killed by Coffin at Wharf of Haven.
syslog.5:Mon Sep 29 04:44:38 :: Raistlin killed by Coffin at Wharf of Haven.
syslog.5:Mon Sep 29 04:44:40 :: Raistlin killed by Coffin at Wharf of Haven.
syslog.5:Mon Sep 29 04:44:45 :: Raistlin killed by Coffin at Wharf of Haven.
syslog.5:Mon Sep 29 04:44:47 :: Raistlin killed by Coffin at Wharf of Haven.
syslog.5:Mon Sep 29 04:44:49 :: Raistlin killed by Coffin at Wharf of Haven.
syslog.5:Mon Sep 29 04:44:53 :: Raistlin killed by Coffin at Wharf of Haven.
syslog.5:Mon Sep 29 04:44:56 :: Raistlin killed by Coffin at Wharf of Haven.
syslog.5:Mon Sep 29 04:44:58 :: Raistlin killed by Coffin at Wharf of Haven.
syslog.5:Mon Sep 29 04:45:00 :: Raistlin killed by Coffin at Wharf of Haven.
syslog.5:Mon Sep 29 04:45:04 :: Raistlin killed by Coffin at Wharf of Haven.
syslog.5:Mon Sep 29 04:45:07 :: Raistlin killed by Coffin at Wharf of Haven.
syslog.5:Mon Sep 29 04:45:11 :: Raistlin killed by Coffin at Wharf of Haven.
syslog.5:Mon Sep 29 04:45:15 :: Raistlin killed by Coffin at Wharf of Haven.
syslog.5:Mon Sep 29 04:45:20 :: Raistlin killed by Coffin at Wharf of Haven.
syslog.5:Mon Sep 29 04:45:22 :: Raistlin killed by Coffin at Wharf of Haven.
syslog.5:Mon Sep 29 04:45:24 :: Raistlin killed by Coffin at Wharf of Haven.
syslog.5:Mon Sep 29 04:45:26 :: Raistlin killed by Coffin at Wharf of Haven.
syslog.5:Mon Sep 29 04:45:29 :: Raistlin killed by Coffin at Wharf of Haven.
syslog.5:Mon Sep 29 04:45:33 :: Raistlin killed by Coffin at Wharf of Haven.
syslog.5:Mon Sep 29 04:45:35 :: Raistlin killed by Coffin at Wharf of Haven.
syslog.5:Mon Sep 29 04:45:37 :: Raistlin killed by Coffin at Wharf of Haven.
syslog.5:Mon Sep 29 04:45:40 :: Raistlin killed by Coffin at Wharf of Haven.
syslog.5:Mon Sep 29 04:45:44 :: Raistlin killed by Coffin at Wharf of Haven.
syslog.5:Mon Sep 29 04:45:46 :: Raistlin killed by Coffin at Wharf of Haven.
syslog.5:Mon Sep 29 04:45:48 :: Raistlin killed by Coffin at Wharf of Haven.
syslog.5:Mon Sep 29 04:45:51 :: Raistlin killed by Coffin at Wharf of Haven.
syslog.5:Mon Sep 29 04:45:55 :: Raistlin killed by Coffin at Wharf of Haven.
syslog.5:Mon Sep 29 04:46:04 :: Raistlin killed by Coffin at Wharf of Haven.
syslog.5:Mon Sep 29 04:46:06 :: Raistlin killed by Coffin at Wharf of Haven.
syslog.5:Mon Sep 29 04:46:11 :: Raistlin killed by Coffin at Wharf of Haven.
syslog.5:Mon Sep 29 04:46:13 :: Raistlin killed by Coffin at Wharf of Haven.
syslog.5:Mon Sep 29 04:46:15 :: Raistlin killed by Coffin at Wharf of Haven.
syslog.5:Mon Sep 29 04:46:17 :: Raistlin killed by Coffin at Wharf of Haven.
syslog.5:Mon Sep 29 04:46:22 :: Raistlin killed by Coffin at Wharf of Haven.
syslog.5:Mon Sep 29 04:46:24 :: Raistlin killed by Coffin at Wharf of Haven.
syslog.5:Mon Sep 29 04:46:26 :: Raistlin killed by Coffin at Wharf of Haven.
syslog.5:Mon Sep 29 04:46:28 :: Raistlin killed by Coffin at Wharf of Haven.
syslog.5:Mon Sep 29 04:46:33 :: Raistlin killed by Coffin at Wharf of Haven.
syslog.5:Mon Sep 29 04:46:35 :: Raistlin killed by Coffin at Wharf of Haven.
syslog.5:Mon Sep 29 04:46:37 :: Raistlin killed by Coffin at Wharf of Haven.
syslog.5:Mon Sep 29 04:46:41 :: Raistlin killed by Coffin at Wharf of Haven.
syslog.5:Mon Sep 29 04:46:44 :: Raistlin killed by Coffin at Wharf of Haven.
syslog.5:Mon Sep 29 04:46:46 :: Raistlin killed by Coffin at Wharf of Haven.
syslog.5:Mon Sep 29 04:46:48 :: Raistlin killed by Coffin at Wharf of Haven.
syslog.5:Mon Sep 29 04:46:50 :: Raistlin killed by Coffin at Wharf of Haven.
syslog.5:Mon Sep 29 04:46:55 :: Raistlin killed by Coffin at Wharf of Haven.
syslog.5:Mon Sep 29 04:46:57 :: Raistlin killed by Coffin at Wharf of Haven.
syslog.5:Mon Sep 29 04:46:59 :: Raistlin killed by Coffin at Wharf of Haven.
syslog.5:Mon Sep 29 04:47:01 :: Raistlin killed by Coffin at Wharf of Haven.
syslog.5:Mon Sep 29 04:47:06 :: Raistlin killed by Coffin at Wharf of Haven.
syslog.5:Mon Sep 29 04:47:08 :: Raistlin killed by Coffin at Wharf of Haven.
syslog.5:Mon Sep 29 04:47:10 :: Raistlin killed by Coffin at Wharf of Haven.
syslog.5:Mon Sep 29 04:47:12 :: Raistlin killed by Coffin at Wharf of Haven.
syslog.5:Mon Sep 29 04:47:14 :: Raistlin killed by Coffin at Wharf of Haven.
syslog.5:Mon Sep 29 04:47:56 :: Raistlin killed by Coffin at Wharf of Haven.
syslog.5:Mon Sep 29 04:48:45 :: Raistlin killed by Coffin at Wharf of Haven.
syslog.5:Mon Sep 29 04:48:47 :: Raistlin killed by Coffin at Wharf of Haven.
syslog.5:Mon Sep 29 04:48:51 :: Raistlin killed by Coffin at Wharf of Haven.
syslog.5:Mon Sep 29 04:48:53 :: Raistlin killed by Coffin at Wharf of Haven.
syslog.5:Mon Sep 29 04:48:56 :: Raistlin killed by Coffin at Wharf of Haven.
syslog.5:Mon Sep 29 04:48:58 :: Raistlin killed by Coffin at Wharf of Haven.
syslog.5:Mon Sep 29 04:49:00 :: Raistlin killed by Coffin at Wharf of Haven.
syslog.5:Mon Sep 29 04:49:04 :: Raistlin killed by Coffin at Wharf of Haven.
syslog.5:Mon Sep 29 04:49:07 :: Raistlin killed by Coffin at Wharf of Haven.
syslog.5:Mon Sep 29 04:49:09 :: Raistlin killed by Coffin at Wharf of Haven.
syslog.5:Mon Sep 29 04:49:11 :: Raistlin killed by Coffin at Wharf of Haven.
syslog.5:Mon Sep 29 04:49:15 :: Raistlin killed by Coffin at Wharf of Haven.
syslog.5:Mon Sep 29 04:49:18 :: Raistlin killed by Coffin at Wharf of Haven.
syslog.5:Mon Sep 29 04:49:20 :: Raistlin killed by Coffin at Wharf of Haven.
syslog.5:Mon Sep 29 04:49:46 :: Raistlin killed by Coffin at Wharf of Haven.
syslog.5:Mon Sep 29 04:50:13 :: Raistlin killed by Coffin at Wharf of Haven.
syslog.5:Mon Sep 29 04:50:15 :: Raistlin killed by Coffin at Wharf of Haven.
syslog.5:Mon Sep 29 04:50:19 :: Raistlin killed by Coffin at Wharf of Haven.
syslog.5:Mon Sep 29 04:50:22 :: Raistlin killed by Coffin at Wharf of Haven.
syslog.5:Mon Sep 29 04:50:24 :: Raistlin killed by Coffin at Wharf of Haven.
syslog.5:Mon Sep 29 04:50:26 :: Raistlin killed by Coffin at Wharf of Haven.
syslog.5:Mon Sep 29 04:50:30 :: Raistlin killed by Coffin at Wharf of Haven.
syslog.5:Mon Sep 29 04:50:33 :: Raistlin killed by Coffin at Wharf of Haven.
syslog.5:Mon Sep 29 04:50:35 :: Raistlin killed by Coffin at Wharf of Haven.
syslog.5:Mon Sep 29 04:50:37 :: Raistlin killed by Coffin at Wharf of Haven.
syslog.5:Mon Sep 29 04:50:41 :: Raistlin killed by Coffin at Wharf of Haven.
syslog.5:Mon Sep 29 04:50:44 :: Raistlin killed by Coffin at Wharf of Haven.
syslog.5:Mon Sep 29 04:50:46 :: Raistlin killed by Coffin at Wharf of Haven.
syslog.5:Mon Sep 29 04:50:48 :: Raistlin killed by Coffin at Wharf of Haven.
syslog.5:Mon Sep 29 04:50:52 :: Raistlin killed by Coffin at Wharf of Haven.
syslog.5:Mon Sep 29 04:50:55 :: Raistlin killed by Coffin at Wharf of Haven.
syslog.5:Mon Sep 29 04:50:57 :: Raistlin killed by Coffin at Wharf of Haven.
syslog.5:Mon Sep 29 04:51:01 :: Raistlin killed by Coffin at Wharf of Haven.
syslog.5:Mon Sep 29 04:51:03 :: Raistlin killed by Coffin at Wharf of Haven.
syslog.5:Mon Sep 29 04:51:06 :: Raistlin killed by Coffin at Wharf of Haven.
syslog.5:Mon Sep 29 04:51:08 :: Raistlin killed by Coffin at Wharf of Haven.
syslog.5:Mon Sep 29 04:51:12 :: Raistlin killed by Coffin at Wharf of Haven.
syslog.5:Mon Sep 29 04:51:14 :: Raistlin killed by Coffin at Wharf of Haven.
syslog.5:Mon Sep 29 04:51:17 :: Raistlin killed by Coffin at Wharf of Haven.
syslog.5:Mon Sep 29 04:51:19 :: Raistlin killed by Coffin at Wharf of Haven.
syslog.5:Mon Sep 29 04:51:23 :: Raistlin killed by Coffin at Wharf of Haven.
syslog.5:Mon Sep 29 04:51:25 :: Raistlin killed by Coffin at Wharf of Haven.
syslog.5:Mon Sep 29 04:51:28 :: Raistlin killed by Coffin at Wharf of Haven.
syslog.5:Mon Sep 29 04:51:30 :: Raistlin killed by Coffin at Wharf of Haven.
syslog.5:Mon Sep 29 04:51:34 :: Raistlin killed by Coffin at Wharf of Haven.
syslog.5:Mon Sep 29 04:51:36 :: Raistlin killed by Coffin at Wharf of Haven.
syslog.5:Mon Sep 29 04:51:41 :: Raistlin killed by Coffin at Wharf of Haven.
syslog.5:Mon Sep 29 04:51:43 :: Raistlin killed by Coffin at Wharf of Haven.
syslog.5:Mon Sep 29 04:51:45 :: Raistlin killed by Coffin at Wharf of Haven.
syslog.5:Mon Sep 29 04:51:47 :: Raistlin killed by Coffin at Wharf of Haven.
syslog.5:Mon Sep 29 04:51:50 :: Raistlin killed by Coffin at Wharf of Haven.
syslog.5:Mon Sep 29 04:51:54 :: Raistlin killed by Coffin at Wharf of Haven.
syslog.5:Mon Sep 29 04:51:56 :: Raistlin killed by Coffin at Wharf of Haven.
syslog.5:Mon Sep 29 04:51:58 :: Raistlin killed by Coffin at Wharf of Haven.
syslog.5:Mon Sep 29 04:52:01 :: Raistlin killed by Coffin at Wharf of Haven.
syslog.5:Mon Sep 29 04:52:05 :: Raistlin killed by Coffin at Wharf of Haven.
syslog.5:Mon Sep 29 04:52:07 :: Raistlin killed by Coffin at Wharf of Haven.
syslog.5:Mon Sep 29 04:52:09 :: Raistlin killed by Coffin at Wharf of Haven.
syslog.5:Mon Sep 29 04:52:14 :: Raistlin killed by Coffin at Wharf of Haven.
syslog.5:Mon Sep 29 04:52:16 :: Raistlin killed by Coffin at Wharf of Haven.
syslog.5:Mon Sep 29 04:52:18 :: Raistlin killed by Coffin at Wharf of Haven.
syslog.5:Mon Sep 29 04:52:20 :: Raistlin killed by Coffin at Wharf of Haven.
syslog.5:Mon Sep 29 04:52:25 :: Raistlin killed by Coffin at Wharf of Haven.
syslog.5:Mon Sep 29 04:52:27 :: Raistlin killed by Coffin at Wharf of Haven.
syslog.5:Mon Sep 29 04:52:29 :: Raistlin killed by Coffin at Wharf of Haven.
syslog.5:Mon Sep 29 04:52:31 :: Raistlin killed by Coffin at Wharf of Haven.
syslog.5:Mon Sep 29 04:52:36 :: Raistlin killed by Coffin at Wharf of Haven.
syslog.5:Mon Sep 29 04:52:38 :: Raistlin killed by Coffin at Wharf of Haven.
syslog.5:Mon Sep 29 04:52:40 :: Raistlin killed by Coffin at Wharf of Haven.
syslog.5:Mon Sep 29 04:52:42 :: Raistlin killed by Coffin at Wharf of Haven.
syslog.5:Mon Sep 29 04:52:47 :: Raistlin killed by Coffin at Wharf of Haven.
syslog.5:Mon Sep 29 04:52:49 :: Raistlin killed by Coffin at Wharf of Haven.
syslog.5:Mon Sep 29 04:52:51 :: Raistlin killed by Coffin at Wharf of Haven.
syslog.5:Mon Sep 29 04:52:53 :: Raistlin killed by Coffin at Wharf of Haven.
syslog.5:Mon Sep 29 04:52:58 :: Raistlin killed by Coffin at Wharf of Haven.
syslog.5:Mon Sep 29 04:53:00 :: Raistlin killed by Coffin at Wharf of Haven.
syslog.5:Mon Sep 29 04:53:04 :: Raistlin killed by Coffin at Wharf of Haven.
syslog.5:Mon Sep 29 04:53:07 :: Raistlin killed by Coffin at Wharf of Haven.
syslog.5:Mon Sep 29 04:53:09 :: Raistlin killed by Coffin at Wharf of Haven.
syslog.5:Mon Sep 29 04:53:11 :: Raistlin killed by Coffin at Wharf of Haven.
syslog.5:Mon Sep 29 04:53:15 :: Raistlin killed by Coffin at Wharf of Haven.
syslog.5:Mon Sep 29 04:53:18 :: Raistlin killed by Coffin at Wharf of Haven.
syslog.5:Mon Sep 29 04:53:20 :: Raistlin killed by Coffin at Wharf of Haven.
syslog.5:Mon Sep 29 04:53:24 :: Raistlin killed by Coffin at Wharf of Haven.
syslog.5:Mon Sep 29 04:53:26 :: Raistlin killed by Coffin at Wharf of Haven.
syslog.5:Mon Sep 29 04:53:29 :: Raistlin killed by Coffin at Wharf of Haven.
syslog.5:Mon Sep 29 04:53:31 :: Raistlin killed by Coffin at Wharf of Haven.
syslog.5:Mon Sep 29 04:53:33 :: Raistlin killed by Coffin at Wharf of Haven.
syslog.5:Mon Sep 29 04:53:37 :: Raistlin killed by Coffin at Wharf of Haven.
syslog.5:Mon Sep 29 04:53:40 :: Raistlin killed by Coffin at Wharf of Haven.
syslog.5:Mon Sep 29 04:53:42 :: Raistlin killed by Coffin at Wharf of Haven.
syslog.5:Mon Sep 29 04:53:46 :: Raistlin killed by Coffin at Wharf of Haven.
syslog.5:Mon Sep 29 04:53:48 :: Raistlin killed by Coffin at Wharf of Haven.
syslog.5:Mon Sep 29 04:53:51 :: Raistlin killed by Coffin at Wharf of Haven.
syslog.5:Mon Sep 29 04:53:53 :: Raistlin killed by Coffin at Wharf of Haven.
syslog.5:Mon Sep 29 04:53:57 :: Raistlin killed by Coffin at Wharf of Haven.
syslog.5:Mon Sep 29 04:53:59 :: Raistlin killed by Coffin at Wharf of Haven.
syslog.5:Mon Sep 29 04:54:02 :: Raistlin killed by Coffin at Wharf of Haven.
syslog.5:Mon Sep 29 04:54:06 :: Raistlin killed by Coffin at Wharf of Haven.
syslog.5:Mon Sep 29 04:54:08 :: Raistlin killed by Coffin at Wharf of Haven.
syslog.5:Mon Sep 29 04:54:10 :: Raistlin killed by Coffin at Wharf of Haven.
syslog.5:Mon Sep 29 04:54:13 :: Raistlin killed by Coffin at Wharf of Haven.
syslog.5:Mon Sep 29 04:54:15 :: Raistlin killed by Coffin at Wharf of Haven.
syslog.5:Mon Sep 29 04:54:19 :: Raistlin killed by Coffin at Wharf of Haven.
syslog.5:Mon Sep 29 04:54:21 :: Raistlin killed by Coffin at Wharf of Haven.
syslog.5:Mon Sep 29 04:54:24 :: Raistlin killed by Coffin at Wharf of Haven.
syslog.5:Mon Sep 29 04:54:26 :: Raistlin killed by Coffin at Wharf of Haven.
syslog.5:Mon Sep 29 04:54:30 :: Raistlin killed by Coffin at Wharf of Haven.
syslog.5:Mon Sep 29 04:54:32 :: Raistlin killed by Coffin at Wharf of Haven.
syslog.5:Mon Sep 29 04:54:35 :: Raistlin killed by Coffin at Wharf of Haven.
syslog.5:Mon Sep 29 04:54:39 :: Raistlin killed by Coffin at Wharf of Haven.
syslog.5:Mon Sep 29 04:54:41 :: Raistlin killed by Coffin at Wharf of Haven.
syslog.5:Mon Sep 29 04:54:46 :: Raistlin killed by Coffin at Wharf of Haven.
syslog.5:Mon Sep 29 04:54:48 :: Raistlin killed by Coffin at Wharf of Haven.
syslog.5:Mon Sep 29 04:54:50 :: Raistlin killed by Coffin at Wharf of Haven.
syslog.5:Mon Sep 29 04:54:55 :: Raistlin killed by Coffin at Wharf of Haven.
syslog.5:Mon Sep 29 04:54:57 :: Raistlin killed by Coffin at Wharf of Haven.
syslog.5:Mon Sep 29 04:54:59 :: Raistlin killed by Coffin at Wharf of Haven.
syslog.5:Mon Sep 29 04:55:01 :: Raistlin killed by Coffin at Wharf of Haven.
syslog.5:Mon Sep 29 04:55:03 :: Raistlin killed by Coffin at Wharf of Haven.
syslog.5:Mon Sep 29 04:55:10 :: Raistlin killed by Coffin at Wharf of Haven.
syslog.5:Mon Sep 29 04:55:14 :: Raistlin killed by Coffin at Wharf of Haven.
syslog.5:Mon Sep 29 04:55:17 :: Raistlin killed by Coffin at Wharf of Haven.
syslog.5:Mon Sep 29 04:55:19 :: Raistlin killed by Coffin at Wharf of Haven.
syslog.5:Mon Sep 29 04:55:21 :: Raistlin killed by Coffin at Wharf of Haven.
syslog.5:Mon Sep 29 04:55:25 :: Raistlin killed by Coffin at Wharf of Haven.
syslog.5:Mon Sep 29 04:55:28 :: Raistlin killed by Coffin at Wharf of Haven.
syslog.5:Mon Sep 29 04:55:30 :: Raistlin killed by Coffin at Wharf of Haven.
syslog.5:Mon Sep 29 04:55:34 :: Raistlin killed by Coffin at Wharf of Haven.
syslog.5:Mon Sep 29 04:55:36 :: Raistlin killed by Coffin at Wharf of Haven.
syslog.5:Mon Sep 29 04:55:39 :: Raistlin killed by Coffin at Wharf of Haven.
syslog.5:Mon Sep 29 04:55:43 :: Raistlin killed by Coffin at Wharf of Haven.
syslog.5:Mon Sep 29 04:55:45 :: Raistlin killed by Coffin at Wharf of Haven.
syslog.5:Mon Sep 29 04:55:47 :: Raistlin killed by Coffin at Wharf of Haven.
syslog.5:Mon Sep 29 04:55:50 :: Raistlin killed by Coffin at Wharf of Haven.
syslog.5:Mon Sep 29 04:55:52 :: Raistlin killed by Coffin at Wharf of Haven.
syslog.5:Mon Sep 29 04:55:56 :: Raistlin killed by Coffin at Wharf of Haven.
syslog.5:Mon Sep 29 04:55:58 :: Raistlin killed by Coffin at Wharf of Haven.
syslog.5:Mon Sep 29 04:56:01 :: Raistlin killed by Coffin at Wharf of Haven.
syslog.5:Mon Sep 29 04:56:05 :: Raistlin killed by Coffin at Wharf of Haven.
syslog.5:Mon Sep 29 04:56:07 :: Raistlin killed by Coffin at Wharf of Haven.
syslog.5:Mon Sep 29 04:56:12 :: Raistlin killed by Coffin at Wharf of Haven.
syslog.5:Mon Sep 29 04:56:14 :: Raistlin killed by Coffin at Wharf of Haven.
syslog.5:Mon Sep 29 04:56:16 :: Raistlin killed by Coffin at Wharf of Haven.
syslog.5:Mon Sep 29 04:56:20 :: Raistlin killed by Coffin at Wharf of Haven.
syslog.5:Mon Sep 29 04:56:23 :: Raistlin killed by Coffin at Wharf of Haven.
syslog.5:Mon Sep 29 04:56:25 :: Raistlin killed by Coffin at Wharf of Haven.
syslog.5:Mon Sep 29 04:56:27 :: Coffin advanced to level 69
syslog.5:Mon Sep 29 04:56:27 :: Raistlin killed by Coffin at Wharf of Haven.
syslog.5:Mon Sep 29 04:56:31 :: Raistlin killed by Coffin at Wharf of Haven.
syslog.5:Mon Sep 29 04:56:34 :: Raistlin killed by Coffin at Wharf of Haven.
syslog.5:Mon Sep 29 04:56:36 :: Raistlin killed by Coffin at Wharf of Haven.
syslog.5:Mon Sep 29 04:56:38 :: Raistlin killed by Coffin at Wharf of Haven.
syslog.5:Mon Sep 29 04:56:42 :: Raistlin killed by Coffin at Wharf of Haven.
syslog.5:Mon Sep 29 04:56:45 :: Raistlin killed by Coffin at Wharf of Haven.
syslog.5:Mon Sep 29 04:56:47 :: Raistlin killed by Coffin at Wharf of Haven.
syslog.5:Mon Sep 29 04:56:49 :: Raistlin killed by Coffin at Wharf of Haven.
syslog.5:Mon Sep 29 04:56:53 :: Raistlin killed by Coffin at Wharf of Haven.
syslog.5:Mon Sep 29 04:56:56 :: Raistlin killed by Coffin at Wharf of Haven.
syslog.5:Mon Sep 29 04:56:58 :: Raistlin killed by Coffin at Wharf of Haven.
syslog.5:Mon Sep 29 04:57:00 :: Raistlin killed by Coffin at Wharf of Haven.
syslog.5:Mon Sep 29 04:57:04 :: Raistlin killed by Coffin at Wharf of Haven.
syslog.5:Mon Sep 29 04:57:07 :: Raistlin killed by Coffin at Wharf of Haven.
syslog.5:Mon Sep 29 04:57:09 :: Raistlin killed by Coffin at Wharf of Haven.
syslog.5:Mon Sep 29 04:57:11 :: Raistlin killed by Coffin at Wharf of Haven.
syslog.5:Mon Sep 29 04:57:15 :: Raistlin killed by Coffin at Wharf of Haven.
syslog.5:Mon Sep 29 04:57:20 :: Raistlin killed by Coffin at Wharf of Haven.
syslog.5:Mon Sep 29 04:57:22 :: Raistlin killed by Coffin at Wharf of Haven.
syslog.5:Mon Sep 29 04:57:24 :: Raistlin killed by Coffin at Wharf of Haven.
syslog.5:Mon Sep 29 04:57:26 :: Raistlin killed by Coffin at Wharf of Haven.
syslog.5:Mon Sep 29 04:57:29 :: Raistlin killed by Coffin at Wharf of Haven.
syslog.5:Mon Sep 29 04:57:33 :: Raistlin killed by Coffin at Wharf of Haven.
syslog.5:Mon Sep 29 04:57:35 :: Raistlin killed by Coffin at Wharf of Haven.
syslog.5:Mon Sep 29 04:57:37 :: Raistlin killed by Coffin at Wharf of Haven.
syslog.5:Mon Sep 29 04:57:40 :: Raistlin killed by Coffin at Wharf of Haven.
syslog.5:Mon Sep 29 04:57:44 :: Raistlin killed by Coffin at Wharf of Haven.
syslog.5:Mon Sep 29 04:57:46 :: Raistlin killed by Coffin at Wharf of Haven.
syslog.5:Mon Sep 29 04:57:48 :: Raistlin killed by Coffin at Wharf of Haven.
syslog.5:Mon Sep 29 04:57:51 :: Raistlin killed by Coffin at Wharf of Haven.
syslog.5:Mon Sep 29 04:57:55 :: Raistlin killed by Coffin at Wharf of Haven.
syslog.5:Mon Sep 29 04:57:57 :: Raistlin killed by Coffin at Wharf of Haven.
syslog.5:Mon Sep 29 04:58:00 :: Raistlin killed by Coffin at Wharf of Haven.
syslog.5:Mon Sep 29 04:58:06 :: Raistlin killed by Coffin at Wharf of Haven.
syslog.5:Mon Sep 29 04:58:08 :: Raistlin killed by Coffin at Wharf of Haven.
syslog.5:Mon Sep 29 04:58:11 :: Raistlin killed by Coffin at Wharf of Haven.
syslog.5:Mon Sep 29 04:58:15 :: Raistlin killed by Coffin at Wharf of Haven.
syslog.5:Mon Sep 29 04:58:19 :: Raistlin killed by Coffin at Wharf of Haven.
syslog.5:Mon Sep 29 04:58:22 :: Raistlin killed by Coffin at Wharf of Haven.
syslog.5:Mon Sep 29 04:58:24 :: Raistlin killed by Coffin at Wharf of Haven.
syslog.5:Mon Sep 29 04:58:28 :: Raistlin killed by Coffin at Wharf of Haven.
syslog.5:Mon Sep 29 04:58:30 :: Raistlin killed by Coffin at Wharf of Haven.
syslog.5:Mon Sep 29 04:58:33 :: Raistlin killed by Coffin at Wharf of Haven.
syslog.5:Mon Sep 29 04:58:35 :: Raistlin killed by Coffin at Wharf of Haven.
syslog.5:Mon Sep 29 04:58:39 :: Raistlin killed by Coffin at Wharf of Haven.
syslog.5:Mon Sep 29 04:58:41 :: Raistlin killed by Coffin at Wharf of Haven.
syslog.5:Mon Sep 29 04:58:44 :: Raistlin killed by Coffin at Wharf of Haven.
syslog.5:Mon Sep 29 04:58:48 :: Raistlin killed by Coffin at Wharf of Haven.
syslog.5:Mon Sep 29 04:58:50 :: Raistlin killed by Coffin at Wharf of Haven.
syslog.5:Mon Sep 29 04:58:52 :: Raistlin killed by Coffin at Wharf of Haven.
syslog.5:Mon Sep 29 04:58:57 :: Raistlin killed by Coffin at Wharf of Haven.
syslog.5:Mon Sep 29 04:59:03 :: Raistlin killed by Coffin at Wharf of Haven.
syslog.5:Mon Sep 29 04:59:08 :: Raistlin killed by Coffin at Wharf of Haven.
syslog.5:Mon Sep 29 04:59:10 :: Raistlin killed by Coffin at Wharf of Haven.
syslog.5:Mon Sep 29 04:59:12 :: Raistlin killed by Coffin at Wharf of Haven.
syslog.5:Mon Sep 29 04:59:14 :: Raistlin killed by Coffin at Wharf of Haven.
syslog.5:Mon Sep 29 04:59:19 :: Raistlin killed by Coffin at Wharf of Haven.
syslog.5:Mon Sep 29 04:59:21 :: Raistlin killed by Coffin at Wharf of Haven.
syslog.5:Mon Sep 29 04:59:23 :: Raistlin killed by Coffin at Wharf of Haven.
syslog.5:Mon Sep 29 04:59:25 :: Raistlin killed by Coffin at Wharf of Haven.
syslog.5:Mon Sep 29 04:59:30 :: Raistlin killed by Coffin at Wharf of Haven.
syslog.5:Mon Sep 29 04:59:32 :: Raistlin killed by Coffin at Wharf of Haven.
syslog.5:Mon Sep 29 04:59:34 :: Raistlin killed by Coffin at Wharf of Haven.
syslog.5:Mon Sep 29 04:59:36 :: Raistlin killed by Coffin at Wharf of Haven.
syslog.5:Mon Sep 29 04:59:41 :: Raistlin killed by Coffin at Wharf of Haven.
syslog.5:Mon Sep 29 04:59:43 :: Raistlin killed by Coffin at Wharf of Haven.
syslog.5:Mon Sep 29 04:59:45 :: Raistlin killed by Coffin at Wharf of Haven.
syslog.5:Mon Sep 29 04:59:47 :: Raistlin killed by Coffin at Wharf of Haven.
syslog.5:Mon Sep 29 04:59:52 :: Raistlin killed by Coffin at Wharf of Haven.
syslog.5:Mon Sep 29 04:59:54 :: Raistlin killed by Coffin at Wharf of Haven.
syslog.5:Mon Sep 29 04:59:58 :: Raistlin killed by Coffin at Wharf of Haven.
syslog.5:Mon Sep 29 05:00:01 :: Raistlin killed by Coffin at Wharf of Haven.
syslog.5:Mon Sep 29 05:00:05 :: Raistlin killed by Coffin at Wharf of Haven.
syslog.5:Mon Sep 29 05:00:07 :: Raistlin killed by Coffin at Wharf of Haven.
syslog.5:Mon Sep 29 05:00:09 :: Raistlin killed by Coffin at Wharf of Haven.
syslog.5:Mon Sep 29 05:00:12 :: Raistlin killed by Coffin at Wharf of Haven.
syslog.5:Mon Sep 29 05:00:14 :: Raistlin killed by Coffin at Wharf of Haven.
syslog.5:Mon Sep 29 05:00:18 :: Raistlin killed by Coffin at Wharf of Haven.
syslog.5:Mon Sep 29 05:00:23 :: Raistlin killed by Coffin at Wharf of Haven.
syslog.5:Mon Sep 29 05:00:31 :: Raistlin killed by Coffin at Wharf of Haven.
syslog.5:Mon Sep 29 05:00:34 :: Raistlin killed by Coffin at Wharf of Haven.
syslog.5:Mon Sep 29 05:00:38 :: Raistlin killed by Coffin at Wharf of Haven.
syslog.5:Mon Sep 29 05:00:40 :: Raistlin killed by Coffin at Wharf of Haven.
syslog.5:Mon Sep 29 05:00:42 :: Raistlin killed by Coffin at Wharf of Haven.
syslog.5:Mon Sep 29 05:00:47 :: Raistlin killed by Coffin at Wharf of Haven.
syslog.5:Mon Sep 29 05:00:49 :: Raistlin killed by Coffin at Wharf of Haven.
syslog.5:Mon Sep 29 05:00:51 :: Raistlin killed by Coffin at Wharf of Haven.
syslog.5:Mon Sep 29 05:00:56 :: Raistlin killed by Coffin at Wharf of Haven.
syslog.5:Mon Sep 29 05:00:58 :: Raistlin killed by Coffin at Wharf of Haven.
syslog.5:Mon Sep 29 05:01:00 :: Raistlin killed by Coffin at Wharf of Haven.
syslog.5:Mon Sep 29 05:01:04 :: Raistlin killed by Coffin at Wharf of Haven.
syslog.5:Mon Sep 29 05:01:07 :: Raistlin killed by Coffin at Wharf of Haven.
syslog.5:Mon Sep 29 05:01:09 :: Raistlin killed by Coffin at Wharf of Haven.
syslog.5:Mon Sep 29 05:01:11 :: Raistlin killed by Coffin at Wharf of Haven.
syslog.5:Mon Sep 29 05:01:15 :: Raistlin killed by Coffin at Wharf of Haven.
syslog.5:Mon Sep 29 05:01:18 :: Raistlin killed by Coffin at Wharf of Haven.
syslog.5:Mon Sep 29 05:01:22 :: Raistlin killed by Coffin at Wharf of Haven.
syslog.5:Mon Sep 29 05:01:24 :: Raistlin killed by Coffin at Wharf of Haven.
syslog.5:Mon Sep 29 05:01:26 :: Raistlin killed by Coffin at Wharf of Haven.
syslog.5:Mon Sep 29 05:01:29 :: Raistlin killed by Coffin at Wharf of Haven.
syslog.5:Mon Sep 29 05:01:33 :: Raistlin killed by Coffin at Wharf of Haven.
syslog.5:Mon Sep 29 05:01:35 :: Raistlin killed by Coffin at Wharf of Haven.
syslog.5:Mon Sep 29 05:01:37 :: Raistlin killed by Coffin at Wharf of Haven.
syslog.5:Mon Sep 29 05:01:42 :: Raistlin killed by Coffin at Wharf of Haven.
syslog.5:Mon Sep 29 05:01:44 :: Raistlin killed by Coffin at Wharf of Haven.
syslog.5:Mon Sep 29 05:01:51 :: Raistlin killed by Coffin at Wharf of Haven.
syslog.5:Mon Sep 29 05:01:53 :: Raistlin killed by Coffin at Wharf of Haven.
syslog.5:Mon Sep 29 05:01:57 :: Raistlin killed by Coffin at Wharf of Haven.
syslog.5:Mon Sep 29 05:01:59 :: Raistlin killed by Coffin at Wharf of Haven.
syslog.5:Mon Sep 29 05:02:02 :: Raistlin killed by Coffin at Wharf of Haven.
syslog.5:Mon Sep 29 05:02:06 :: Raistlin killed by Coffin at Wharf of Haven.
syslog.5:Mon Sep 29 05:02:08 :: Raistlin killed by Coffin at Wharf of Haven.
syslog.5:Mon Sep 29 05:02:10 :: Raistlin killed by Coffin at Wharf of Haven.
syslog.5:Mon Sep 29 05:02:15 :: Raistlin killed by Coffin at Wharf of Haven.
syslog.5:Mon Sep 29 05:02:17 :: Raistlin killed by Coffin at Wharf of Haven.
syslog.5:Mon Sep 29 05:02:19 :: Raistlin killed by Coffin at Wharf of Haven.
syslog.5:Mon Sep 29 05:02:24 :: Raistlin killed by Coffin at Wharf of Haven.
syslog.5:Mon Sep 29 05:02:26 :: Raistlin killed by Coffin at Wharf of Haven.
syslog.5:Mon Sep 29 05:02:30 :: Raistlin killed by Coffin at Wharf of Haven.
syslog.5:Mon Sep 29 05:02:32 :: Raistlin killed by Coffin at Wharf of Haven.
syslog.5:Mon Sep 29 05:02:35 :: Raistlin killed by Coffin at Wharf of Haven.
syslog.5:Mon Sep 29 05:02:39 :: Raistlin killed by Coffin at Wharf of Haven.
syslog.5:Mon Sep 29 05:02:59 :: Raistlin killed by Coffin at Wharf of Haven.
syslog.5:Mon Sep 29 05:03:01 :: Raistlin killed by Coffin at Wharf of Haven.
syslog.5:Mon Sep 29 05:03:03 :: Raistlin killed by Coffin at Wharf of Haven.
syslog.5:Mon Sep 29 05:03:05 :: Raistlin killed by Coffin at Wharf of Haven.
syslog.5:Mon Sep 29 05:03:10 :: Raistlin killed by Coffin at Wharf of Haven.
syslog.5:Mon Sep 29 05:03:14 :: Raistlin killed by Coffin at Wharf of Haven.
syslog.5:Mon Sep 29 05:03:16 :: Raistlin killed by Coffin at Wharf of Haven.
syslog.5:Mon Sep 29 05:03:21 :: Raistlin killed by Coffin at Wharf of Haven.
syslog.5:Mon Sep 29 05:03:23 :: Raistlin killed by Coffin at Wharf of Haven.
syslog.5:Mon Sep 29 05:03:25 :: Raistlin killed by Coffin at Wharf of Haven.
syslog.5:Mon Sep 29 05:03:27 :: Raistlin killed by Coffin at Wharf of Haven.
syslog.5:Mon Sep 29 05:03:30 :: Raistlin killed by Coffin at Wharf of Haven.
syslog.5:Mon Sep 29 05:03:34 :: Raistlin killed by Coffin at Wharf of Haven.
syslog.5:Mon Sep 29 05:03:36 :: Raistlin killed by Coffin at Wharf of Haven.
syslog.5:Mon Sep 29 05:03:41 :: Raistlin killed by Coffin at Wharf of Haven.
syslog.5:Mon Sep 29 05:03:47 :: Raistlin killed by Coffin at Wharf of Haven.
syslog.5:Mon Sep 29 05:03:50 :: Raistlin killed by Coffin at Wharf of Haven.
syslog.5:Mon Sep 29 05:03:54 :: Raistlin killed by Coffin at Wharf of Haven.
syslog.5:Mon Sep 29 05:03:56 :: Raistlin killed by Coffin at Wharf of Haven.
syslog.5:Mon Sep 29 05:04:00 :: Raistlin killed by Coffin at Wharf of Haven.
syslog.5:Mon Sep 29 05:04:07 :: Raistlin killed by Coffin at Wharf of Haven.
syslog.5:Mon Sep 29 05:04:09 :: Raistlin killed by Coffin at Wharf of Haven.
syslog.5:Mon Sep 29 05:04:11 :: Raistlin killed by Coffin at Wharf of Haven.
syslog.5:Mon Sep 29 05:04:16 :: Raistlin killed by Coffin at Wharf of Haven.
syslog.5:Mon Sep 29 05:04:25 :: Raistlin killed by Coffin at Wharf of Haven.
syslog.5:Mon Sep 29 05:04:27 :: Raistlin killed by Coffin at Wharf of Haven.
syslog.5:Mon Sep 29 05:04:29 :: Raistlin killed by Coffin at Wharf of Haven.
syslog.5:Mon Sep 29 05:04:31 :: Raistlin killed by Coffin at Wharf of Haven.
syslog.5:Mon Sep 29 05:04:36 :: Raistlin killed by Coffin at Wharf of Haven.
syslog.5:Mon Sep 29 05:04:38 :: Raistlin killed by Coffin at Wharf of Haven.
syslog.5:Mon Sep 29 05:04:40 :: Raistlin killed by Coffin at Wharf of Haven.
syslog.5:Mon Sep 29 05:04:42 :: Raistlin killed by Coffin at Wharf of Haven.
syslog.5:Mon Sep 29 05:04:47 :: Raistlin killed by Coffin at Wharf of Haven.
syslog.5:Mon Sep 29 05:04:49 :: Raistlin killed by Coffin at Wharf of Haven.
syslog.5:Mon Sep 29 05:04:51 :: Raistlin killed by Coffin at Wharf of Haven.
syslog.5:Mon Sep 29 05:04:55 :: Raistlin killed by Coffin at Wharf of Haven.
syslog.5:Mon Sep 29 05:04:58 :: Raistlin killed by Coffin at Wharf of Haven.
syslog.5:Mon Sep 29 05:05:18 :: Raistlin killed by Coffin at Wharf of Haven.
syslog.5:Mon Sep 29 05:05:20 :: Raistlin killed by Coffin at Wharf of Haven.
syslog.5:Mon Sep 29 05:05:22 :: Raistlin killed by Coffin at Wharf of Haven.
syslog.5:Mon Sep 29 05:05:26 :: Raistlin killed by Coffin at Wharf of Haven.
syslog.5:Mon Sep 29 05:05:29 :: Raistlin killed by Coffin at Wharf of Haven.
syslog.5:Mon Sep 29 05:05:31 :: Raistlin killed by Coffin at Wharf of Haven.
syslog.5:Mon Sep 29 05:05:44 :: Raistlin killed by Coffin at Wharf of Haven.
syslog.5:Mon Sep 29 05:05:46 :: Raistlin killed by Coffin at Wharf of Haven.
syslog.5:Mon Sep 29 05:05:48 :: Raistlin killed by Coffin at Wharf of Haven.
syslog.5:Mon Sep 29 05:05:53 :: Raistlin killed by Coffin at Wharf of Haven.
syslog.5:Mon Sep 29 05:05:55 :: Raistlin killed by Coffin at Wharf of Haven.
syslog.5:Mon Sep 29 05:06:06 :: Raistlin killed by Coffin at Wharf of Haven.
syslog.5:Mon Sep 29 05:06:08 :: Raistlin killed by Coffin at Wharf of Haven.
syslog.5:Mon Sep 29 05:06:10 :: Raistlin killed by Coffin at Wharf of Haven.
syslog.5:Mon Sep 29 05:06:13 :: Raistlin killed by Coffin at Wharf of Haven.
syslog.5:Mon Sep 29 05:06:17 :: Raistlin killed by Coffin at Wharf of Haven.
syslog.5:Mon Sep 29 05:06:19 :: Raistlin killed by Coffin at Wharf of Haven.
syslog.5:Mon Sep 29 05:06:21 :: Raistlin killed by Coffin at Wharf of Haven.
syslog.5:Mon Sep 29 05:06:24 :: Raistlin killed by Coffin at Wharf of Haven.
syslog.5:Mon Sep 29 05:06:30 :: Raistlin killed by Coffin at Wharf of Haven.
syslog.5:Mon Sep 29 05:06:32 :: Raistlin killed by Coffin at Wharf of Haven.
syslog.5:Mon Sep 29 05:06:37 :: Raistlin killed by Coffin at Wharf of Haven.
syslog.5:Mon Sep 29 05:06:39 :: Raistlin killed by Coffin at Wharf of Haven.
syslog.5:Mon Sep 29 05:06:48 :: Raistlin killed by Coffin at Wharf of Haven.
syslog.5:Mon Sep 29 05:06:50 :: Raistlin killed by Coffin at Wharf of Haven.
syslog.5:Mon Sep 29 05:06:54 :: Raistlin killed by Coffin at Wharf of Haven.
syslog.5:Mon Sep 29 05:06:57 :: Raistlin killed by Coffin at Wharf of Haven.
syslog.5:Mon Sep 29 05:06:59 :: Raistlin killed by Coffin at Wharf of Haven.
syslog.5:Mon Sep 29 05:07:03 :: Raistlin killed by Coffin at Wharf of Haven.
syslog.5:Mon Sep 29 05:07:05 :: Raistlin killed by Coffin at Wharf of Haven.
syslog.5:Mon Sep 29 05:07:12 :: Raistlin killed by Coffin at Wharf of Haven.
syslog.5:Mon Sep 29 05:07:14 :: Raistlin killed by Coffin at Wharf of Haven.
syslog.5:Mon Sep 29 05:07:19 :: Raistlin killed by Coffin at Wharf of Haven.
syslog.5:Mon Sep 29 05:07:21 :: Raistlin killed by Coffin at Wharf of Haven.
syslog.5:Mon Sep 29 05:07:23 :: Raistlin killed by Coffin at Wharf of Haven.
syslog.5:Mon Sep 29 05:07:27 :: Raistlin killed by Coffin at Wharf of Haven.
syslog.5:Mon Sep 29 05:07:30 :: Raistlin killed by Coffin at Wharf of Haven.
syslog.5:Mon Sep 29 05:07:32 :: Raistlin killed by Coffin at Wharf of Haven.
syslog.5:Mon Sep 29 05:07:41 :: Raistlin killed by Coffin at Wharf of Haven.
syslog.5:Mon Sep 29 05:07:43 :: Raistlin killed by Coffin at Wharf of Haven.
syslog.5:Mon Sep 29 05:07:52 :: Raistlin killed by Coffin at Wharf of Haven.
syslog.5:Mon Sep 29 05:07:58 :: Raistlin killed by Coffin at Wharf of Haven.
syslog.5:Mon Sep 29 05:08:00 :: Raistlin killed by Coffin at Wharf of Haven.
syslog.5:Mon Sep 29 05:08:05 :: Raistlin killed by Coffin at Wharf of Haven.
syslog.5:Mon Sep 29 05:08:07 :: Raistlin killed by Coffin at Wharf of Haven.
syslog.5:Mon Sep 29 05:08:16 :: Raistlin killed by Coffin at Wharf of Haven.
syslog.5:Mon Sep 29 05:08:20 :: Raistlin killed by Coffin at Wharf of Haven.
syslog.5:Mon Sep 29 05:08:22 :: Raistlin killed by Coffin at Wharf of Haven.
syslog.5:Mon Sep 29 05:08:36 :: Raistlin killed by Coffin at Wharf of Haven.
syslog.5:Mon Sep 29 05:08:38 :: Raistlin killed by Coffin at Wharf of Haven.
syslog.5:Mon Sep 29 05:08:42 :: Raistlin killed by Coffin at Wharf of Haven.
syslog.5:Mon Sep 29 05:08:47 :: Raistlin killed by Coffin at Wharf of Haven.
syslog.5:Mon Sep 29 05:08:49 :: Raistlin killed by Coffin at Wharf of Haven.
syslog.5:Mon Sep 29 05:08:53 :: Raistlin killed by Coffin at Wharf of Haven.
syslog.5:Mon Sep 29 05:08:58 :: Raistlin killed by Coffin at Wharf of Haven.
syslog.5:Mon Sep 29 05:12:58 :: Coffin failed summoning Raistlin to Coffin's Abode.
syslog.5:Mon Sep 29 05:21:57 :: Coffin has quit the game.
syslog.5:Mon Sep 29 05:21:57 :: Losing player: Coffin.
syslog.5:Mon Sep 29 14:01:58 :: Bad PW: Coffin [203.24.125.2]
syslog.5:Mon Sep 29 14:02:06 :: Coffin [203.24.125.2] has connected.
syslog.5:Mon Sep 29 14:31:21 :: Coffin entering game with no equipment.
syslog.5:Mon Sep 29 15:09:17 :: Closing link to: Coffin.
syslog.5:Mon Sep 29 15:27:07 :: Losing player: Coffin.
syslog.5:Mon Sep 29 15:27:22 :: Coffin [203.24.125.2] has reconnected.
syslog.5:Mon Sep 29 15:37:40 :: Coffin failed summoning Pug to The curvy passageway.
syslog.5:Mon Sep 29 16:12:00 :: Coffin has quit the game.
syslog.5:Mon Sep 29 16:12:00 :: Losing player: Coffin.
syslog.5:Mon Sep 29 16:55:47 :: Coffin [203.24.125.2] has connected.
syslog.5:Mon Sep 29 16:56:18 :: Coffin entering game with no equipment.
syslog.5:Mon Sep 29 17:07:42 :: Coffin has quit the game.
syslog.5:Mon Sep 29 17:07:42 :: Losing player: Coffin.
syslog.5:Tue Sep 30 00:04:07 :: Coffin [139.134.58.139] has connected.
syslog.5:Tue Sep 30 00:07:11 :: Coffin entering game with no equipment.
syslog.5:Tue Sep 30 00:15:42 :: Coffin has quit the game.
syslog.5:Tue Sep 30 00:15:42 :: Losing player: Coffin.
syslog.5:Tue Sep 30 09:37:07 :: Coffin [me-a04-pool-139.tmns.net.au] has connected.
syslog.5:Tue Sep 30 10:01:04 :: Coffin entering game with no equipment.
syslog.5:Tue Sep 30 10:06:08 :: Coffin advanced to level 70
syslog.5:Tue Sep 30 10:16:13 :: Closing link to: Coffin.
syslog.5:Tue Sep 30 10:17:13 :: Coffin [axis.jeack.com.au] has reconnected.
syslog.5:Tue Sep 30 11:39:55 :: DEBUG: 1 call to num_items_room, rnum=198 ch=Coffin
syslog.5:Tue Sep 30 11:39:55 :: DEBUG: 1 call to num_items_room, rnum=198 ch=Coffin
syslog.5:Tue Sep 30 11:39:55 :: DEBUG: 1 call to num_items_room, rnum=198 ch=Coffin
syslog.5:Tue Sep 30 11:39:55 :: DEBUG: 2 call to num_items_room, rnum=198 ch=Coffin
syslog.5:Tue Sep 30 11:39:55 :: DEBUG: 2 call to num_items_room, rnum=198 ch=Coffin
syslog.5:Tue Sep 30 11:39:55 :: DEBUG: 2 call to num_items_room, rnum=198 ch=Coffin
syslog.5:Tue Sep 30 11:39:55 :: DEBUG: 2 call to num_items_room, rnum=198 ch=Coffin
syslog.5:Tue Sep 30 11:39:55 :: DEBUG: 2 call to num_items_room, rnum=198 ch=Coffin
syslog.5:Tue Sep 30 11:39:55 :: DEBUG: 2 call to num_items_room, rnum=198 ch=Coffin
syslog.5:Tue Sep 30 11:39:55 :: DEBUG: 2 call to num_items_room, rnum=198 ch=Coffin
syslog.5:Tue Sep 30 11:39:55 :: DEBUG: 2 call to num_items_room, rnum=198 ch=Coffin
syslog.5:Tue Sep 30 11:39:55 :: DEBUG: 2 call to num_items_room, rnum=198 ch=Coffin
syslog.5:Tue Sep 30 11:39:55 :: DEBUG: 2 call to num_items_room, rnum=198 ch=Coffin
syslog.5:Tue Sep 30 11:39:55 :: DEBUG: 2 call to num_items_room, rnum=198 ch=Coffin
syslog.5:Tue Sep 30 11:39:55 :: DEBUG: 2 call to num_items_room, rnum=198 ch=Coffin
syslog.5:Tue Sep 30 11:39:55 :: DEBUG: 2 call to num_items_room, rnum=198 ch=Coffin
syslog.5:Tue Sep 30 11:39:55 :: DEBUG: 2 call to num_items_room, rnum=198 ch=Coffin
syslog.5:Tue Sep 30 11:39:55 :: DEBUG: 2 call to num_items_room, rnum=198 ch=Coffin
syslog.5:Tue Sep 30 11:39:55 :: DEBUG: 2 call to num_items_room, rnum=198 ch=Coffin
syslog.5:Tue Sep 30 11:39:55 :: DEBUG: 2 call to num_items_room, rnum=198 ch=Coffin
syslog.5:Tue Sep 30 11:39:55 :: DEBUG: 2 call to num_items_room, rnum=198 ch=Coffin
syslog.5:Tue Sep 30 11:39:55 :: DEBUG: 2 call to num_items_room, rnum=198 ch=Coffin
syslog.5:Tue Sep 30 11:39:55 :: DEBUG: 2 call to num_items_room, rnum=198 ch=Coffin
syslog.5:Tue Sep 30 11:39:55 :: DEBUG: 2 call to num_items_room, rnum=198 ch=Coffin
syslog.5:Tue Sep 30 11:39:55 :: DEBUG: 2 call to num_items_room, rnum=198 ch=Coffin
syslog.5:Tue Sep 30 11:39:55 :: DEBUG: 2 call to num_items_room, rnum=198 ch=Coffin
syslog.5:Tue Sep 30 11:39:55 :: DEBUG: 2 call to num_items_room, rnum=198 ch=Coffin
syslog.5:Tue Sep 30 11:39:55 :: Closing link to: Coffin.
syslog.5:Tue Sep 30 11:39:55 :: Coffin force-rented and extracted (idle).
syslog.5:Tue Sep 30 18:00:33 :: Bad PW: Coffin [me-a04-pool-139.tmns.net.au]
syslog.5:Tue Sep 30 18:00:40 :: Coffin [me-a04-pool-139.tmns.net.au] has connected.
syslog.5:Tue Sep 30 18:00:55 :: Coffin entering game with no equipment.
syslog.5:Tue Sep 30 18:28:33 :: Closing link to: Coffin.
syslog.5:Tue Sep 30 18:29:27 :: Coffin [axis.jeack.com.au] has reconnected.
syslog.6:Tue Sep 30 18:47:39 :: Coffin [203.24.125.2] has connected.
syslog.6:Tue Sep 30 18:47:48 :: Coffin retrieving crash-saved items and entering game.
syslog.6:Tue Sep 30 18:55:32 :: Closing link to: Coffin.
syslog.6:Tue Sep 30 18:56:47 :: Coffin [203.24.125.2] has reconnected.
syslog.6:Tue Sep 30 19:05:57 :: Coffin killed by Moander at Moanders Chamber!!!
syslog.6:Tue Sep 30 19:05:57 :: Losing player: Coffin.
syslog.6:Tue Sep 30 19:06:34 :: Bad PW: Coffin [203.24.125.2]
syslog.6:Tue Sep 30 19:07:00 :: Coffin [203.24.125.2] has connected.
syslog.6:Tue Sep 30 19:07:47 :: Coffin entering game with no equipment.
syslog.6:Tue Sep 30 19:09:09 :: Closing link to: Coffin.
syslog.6:Tue Sep 30 19:09:29 :: Coffin [203.24.125.2] has reconnected.
syslog.6:Tue Sep 30 19:19:03 :: Coffin killed by Vine of possession at Moanders Chamber!!!
syslog.6:Tue Sep 30 19:19:03 :: Losing player: Coffin.
syslog.6:Tue Sep 30 19:19:27 :: Coffin [203.24.125.2] has connected.
syslog.6:Tue Sep 30 19:19:39 :: Coffin entering game with no equipment.
syslog.6:Tue Sep 30 20:07:23 :: Coffin has re-logged in ... disconnecting old socket.
syslog.6:Tue Sep 30 20:48:37 :: Closing link to: Coffin.
syslog.6:Tue Sep 30 20:49:02 :: Bad PW: Coffin [203.24.125.2]
syslog.6:Tue Sep 30 20:49:05 :: Coffin [203.24.125.2] has reconnected.
syslog.6:Tue Sep 30 21:29:13 :: Closing link to: Coffin.
syslog.6:Tue Sep 30 21:29:18 :: Coffin [203.24.125.2] has reconnected.
syslog.6:Tue Sep 30 21:59:44 :: Coffin failed summoning Tupac to Coffin's Abode.
